2025-03-23 20:38:27.563 | INFO     | __main__:main:41 - Starting data preparation...
2025-03-23 20:38:27.563 | INFO     | __main__:read_raw_data:26 - Reading raw data from C:\Projects\smart-store-pinkston\data\raw\customers_data.csv.
2025-03-23 20:38:27.572 | INFO     | __main__:read_raw_data:26 - Reading raw data from C:\Projects\smart-store-pinkston\data\raw\products_data.csv.
2025-03-23 20:38:27.575 | INFO     | __main__:read_raw_data:26 - Reading raw data from C:\Projects\smart-store-pinkston\data\raw\sales_data.csv.
2025-03-23 20:38:27.579 | INFO     | __main__:main:45 - Data preparation complete.
2025-03-27 21:48:29.478 | INFO     | __main__:main:162 - ==================================
2025-03-27 21:48:29.478 | INFO     | __main__:main:163 - STARTING prepare_customers_data.py
2025-03-27 21:48:29.478 | INFO     | __main__:main:164 - ==================================
2025-03-27 21:48:29.478 | INFO     | __main__:main:166 - Root project folder: C:\Projects\smart-store-pinkston
2025-03-27 21:48:29.478 | INFO     | __main__:main:167 - data / raw folder: C:\Projects\smart-store-pinkston\data\raw
2025-03-27 21:48:29.478 | INFO     | __main__:main:168 - data / prepared folder: C:\Projects\smart-store-pinkston\data\prepared
2025-03-27 21:48:29.480 | INFO     | __main__:main:169 - scripts folder: C:\Projects\smart-store-pinkston\scripts
2025-03-27 21:48:29.480 | INFO     | __main__:read_raw_data:66 - FUNCTION START: read_raw_data with file_name=customers_data.csv
2025-03-27 21:48:29.480 | INFO     | __main__:read_raw_data:68 - Reading data from C:\Projects\smart-store-pinkston\data\raw\customers_data.csv
2025-03-27 21:48:29.487 | INFO     | __main__:read_raw_data:70 - Loaded dataframe with 11 rows and 6 columns
2025-03-27 21:48:29.487 | INFO     | __main__:main:178 - Initial dataframe columns: CustomerID, Name, Region, JoinDate, LoyaltyPoints, PreferredContactMethod
2025-03-27 21:48:29.487 | INFO     | __main__:main:179 - Initial dataframe shape: (11, 6)
2025-03-27 21:48:29.488 | INFO     | __main__:remove_duplicates:98 - FUNCTION START: remove_duplicates with dataframe shape=(11, 6)
2025-03-27 21:48:29.494 | INFO     | __main__:remove_duplicates:102 - Removed 0 duplicate rows
2025-03-27 21:48:29.494 | INFO     | __main__:remove_duplicates:103 - 11 records remaining after removing duplicates.
2025-03-27 21:48:29.495 | INFO     | __main__:handle_missing_values:117 - FUNCTION START: handle_missing_values with dataframe shape=(11, 6)
2025-03-27 21:48:29.496 | INFO     | __main__:handle_missing_values:121 - Total missing values before handling: 0
2025-03-27 21:48:29.496 | INFO     | __main__:handle_missing_values:130 - Total missing values after handling: 0
2025-03-27 21:48:29.497 | INFO     | __main__:handle_missing_values:131 - 11 records remaining after handling missing values.
2025-03-27 21:48:29.497 | INFO     | __main__:remove_outliers:145 - FUNCTION START: remove_outliers with dataframe shape=(11, 6)
2025-03-27 21:48:29.497 | INFO     | __main__:remove_outliers:153 - Removed 0 outlier rows
2025-03-27 21:48:29.497 | INFO     | __main__:remove_outliers:154 - 11 records remaining after removing outliers.
2025-03-27 21:48:29.497 | INFO     | __main__:save_prepared_data:81 - FUNCTION START: save_prepared_data with file_name=customers_data_prepared.csv, dataframe shape=(11, 6)
2025-03-27 21:50:32.800 | INFO     | __main__:main:162 - ==================================
2025-03-27 21:50:32.800 | INFO     | __main__:main:163 - STARTING prepare_customers_data.py
2025-03-27 21:50:32.801 | INFO     | __main__:main:164 - ==================================
2025-03-27 21:50:32.801 | INFO     | __main__:main:166 - Root project folder: C:\Projects\smart-store-pinkston
2025-03-27 21:50:32.801 | INFO     | __main__:main:167 - data / raw folder: C:\Projects\smart-store-pinkston\data\raw
2025-03-27 21:50:32.801 | INFO     | __main__:main:168 - data / prepared folder: C:\Projects\smart-store-pinkston\data\prepared
2025-03-27 21:50:32.801 | INFO     | __main__:main:169 - scripts folder: C:\Projects\smart-store-pinkston\scripts
2025-03-27 21:50:32.802 | INFO     | __main__:read_raw_data:66 - FUNCTION START: read_raw_data with file_name=customers_data.csv
2025-03-27 21:50:32.802 | INFO     | __main__:read_raw_data:68 - Reading data from C:\Projects\smart-store-pinkston\data\raw\customers_data.csv
2025-03-27 21:50:32.805 | INFO     | __main__:read_raw_data:70 - Loaded dataframe with 11 rows and 6 columns
2025-03-27 21:50:32.805 | INFO     | __main__:main:178 - Initial dataframe columns: CustomerID, Name, Region, JoinDate, LoyaltyPoints, PreferredContactMethod
2025-03-27 21:50:32.805 | INFO     | __main__:main:179 - Initial dataframe shape: (11, 6)
2025-03-27 21:50:32.806 | INFO     | __main__:remove_duplicates:98 - FUNCTION START: remove_duplicates with dataframe shape=(11, 6)
2025-03-27 21:50:32.807 | INFO     | __main__:remove_duplicates:102 - Removed 0 duplicate rows
2025-03-27 21:50:32.807 | INFO     | __main__:remove_duplicates:103 - 11 records remaining after removing duplicates.
2025-03-27 21:50:32.807 | INFO     | __main__:handle_missing_values:117 - FUNCTION START: handle_missing_values with dataframe shape=(11, 6)
2025-03-27 21:50:32.808 | INFO     | __main__:handle_missing_values:121 - Total missing values before handling: 0
2025-03-27 21:50:32.808 | INFO     | __main__:handle_missing_values:130 - Total missing values after handling: 0
2025-03-27 21:50:32.809 | INFO     | __main__:handle_missing_values:131 - 11 records remaining after handling missing values.
2025-03-27 21:50:32.809 | INFO     | __main__:remove_outliers:145 - FUNCTION START: remove_outliers with dataframe shape=(11, 6)
2025-03-27 21:50:32.809 | INFO     | __main__:remove_outliers:153 - Removed 0 outlier rows
2025-03-27 21:50:32.809 | INFO     | __main__:remove_outliers:154 - 11 records remaining after removing outliers.
2025-03-27 21:50:32.810 | INFO     | __main__:save_prepared_data:81 - FUNCTION START: save_prepared_data with file_name=customers_data_prepared.csv, dataframe shape=(11, 6)
2025-03-27 21:50:32.832 | INFO     | __main__:save_prepared_data:84 - Data saved to C:\Projects\smart-store-pinkston\data\prepared\customers_data_prepared.csv
2025-03-27 21:50:32.837 | INFO     | __main__:main:202 - ==================================
2025-03-27 21:50:32.837 | INFO     | __main__:main:203 - FINISHED prepare_customers_data.py
2025-03-27 21:50:32.837 | INFO     | __main__:main:204 - ==================================
2025-03-27 21:51:49.939 | INFO     | __main__:main:227 - ==================================
2025-03-27 21:51:49.939 | INFO     | __main__:main:228 - STARTING prepare_products_data.py
2025-03-27 21:51:49.939 | INFO     | __main__:main:229 - ==================================
2025-03-27 21:51:49.940 | INFO     | __main__:main:231 - Root project folder: C:\Projects\smart-store-pinkston
2025-03-27 21:51:49.940 | INFO     | __main__:main:232 - data / raw folder: C:\Projects\smart-store-pinkston\data\raw
2025-03-27 21:51:49.940 | INFO     | __main__:main:233 - data / prepared folder: C:\Projects\smart-store-pinkston\data\prepared
2025-03-27 21:51:49.940 | INFO     | __main__:read_raw_data:59 - FUNCTION START: read_raw_data with file_name=products_data.csv
2025-03-27 21:51:49.940 | INFO     | __main__:read_raw_data:61 - Reading data from C:\Projects\smart-store-pinkston\data\raw\products_data.csv
2025-03-27 21:51:49.943 | INFO     | __main__:read_raw_data:63 - Loaded dataframe with 8 rows and 6 columns
2025-03-27 21:51:49.944 | INFO     | __main__:main:242 - Initial dataframe columns: ProductID, ProductName, Category, UnitPrice, StockQuantity, Brand
2025-03-27 21:51:49.944 | INFO     | __main__:main:243 - Initial dataframe shape: (8, 6)
2025-03-27 21:51:49.944 | INFO     | __main__:main:252 - Cleaned column names: ProductID -> productid, ProductName -> productname, Category -> category, UnitPrice -> unitprice, StockQuantity -> stockquantity, Brand -> brand
2025-03-27 21:51:49.945 | INFO     | __main__:remove_duplicates:96 - FUNCTION START: remove_duplicates with dataframe shape=(8, 6)
2025-03-27 21:51:49.947 | INFO     | __main__:remove_duplicates:106 - Removed 0 duplicate rows
2025-03-27 21:51:49.948 | INFO     | __main__:remove_duplicates:107 - 8 records remaining after removing duplicates.
2025-03-27 21:51:49.948 | INFO     | __main__:handle_missing_values:121 - FUNCTION START: handle_missing_values with dataframe shape=(8, 6)
2025-03-27 21:51:49.950 | INFO     | __main__:handle_missing_values:126 - Missing values by column before handling:
productid        0
productname      0
category         0
unitprice        0
stockquantity    0
brand            0
dtype: int64
2025-03-27 21:51:49.951 | INFO     | __main__:handle_missing_values:140 - Missing values by column after handling:
productid        0
productname      0
category         0
unitprice        0
stockquantity    0
brand            0
dtype: int64
2025-03-27 21:51:49.952 | INFO     | __main__:handle_missing_values:141 - 8 records remaining after handling missing values.
2025-03-27 21:51:49.954 | INFO     | __main__:standardize_formats:188 - FUNCTION START: standardize_formats with dataframe shape=(8, 6)
2025-03-27 21:51:49.954 | INFO     | __main__:standardize_formats:198 - Completed standardizing formats
2025-03-27 21:51:49.954 | INFO     | __main__:remove_outliers:155 - FUNCTION START: remove_outliers with dataframe shape=(8, 6)
2025-03-27 21:51:49.955 | INFO     | __main__:remove_outliers:174 - Removed 0 outlier rows
2025-03-27 21:51:49.955 | INFO     | __main__:remove_outliers:175 - 8 records remaining after removing outliers.
2025-03-27 21:51:49.955 | INFO     | __main__:validate_data:211 - FUNCTION START: validate_data with dataframe shape=(8, 6)
2025-03-27 21:51:49.955 | INFO     | __main__:validate_data:220 - Data validation complete
2025-03-27 21:51:49.955 | INFO     | __main__:save_prepared_data:81 - FUNCTION START: save_prepared_data with file_name=products_data_prepared.csv, dataframe shape=(8, 6)
2025-03-27 21:51:49.960 | INFO     | __main__:save_prepared_data:84 - Data saved to C:\Projects\smart-store-pinkston\data\prepared\products_data_prepared.csv
2025-03-27 21:51:49.960 | INFO     | __main__:main:264 - ==================================
2025-03-27 21:51:49.961 | INFO     | __main__:main:265 - FINISHED prepare_products_data.py
2025-03-27 21:51:49.961 | INFO     | __main__:main:266 - ==================================
2025-03-27 21:54:39.389 | INFO     | __main__:main:227 - ==================================
2025-03-27 21:54:39.390 | INFO     | __main__:main:228 - STARTING prepare_sales_data.py
2025-03-27 21:54:39.390 | INFO     | __main__:main:229 - ==================================
2025-03-27 21:54:39.390 | INFO     | __main__:main:231 - Root project folder: C:\Projects\smart-store-pinkston
2025-03-27 21:54:39.391 | INFO     | __main__:main:232 - data / raw folder: C:\Projects\smart-store-pinkston\data\raw
2025-03-27 21:54:39.391 | INFO     | __main__:main:233 - data / prepared folder: C:\Projects\smart-store-pinkston\data\prepared
2025-03-27 21:54:39.391 | INFO     | __main__:read_raw_data:59 - FUNCTION START: read_raw_data with file_name=sales_data.csv
2025-03-27 21:54:39.391 | INFO     | __main__:read_raw_data:61 - Reading data from C:\Projects\smart-store-pinkston\data\raw\sales_data.csv
2025-03-27 21:54:39.394 | INFO     | __main__:read_raw_data:63 - Loaded dataframe with 94 rows and 9 columns
2025-03-27 21:54:39.394 | INFO     | __main__:main:242 - Initial dataframe columns: TransactionID, SaleDate, CustomerID, ProductID, StoreID, CampaignID, SaleAmount, BonusPoints, PaymentType
2025-03-27 21:54:39.394 | INFO     | __main__:main:243 - Initial dataframe shape: (94, 9)
2025-03-27 21:54:39.395 | INFO     | __main__:main:252 - Cleaned column names: TransactionID -> transactionid, SaleDate -> saledate, CustomerID -> customerid, ProductID -> productid, StoreID -> storeid, CampaignID -> campaignid, SaleAmount -> saleamount, BonusPoints -> bonuspoints, PaymentType -> paymenttype
2025-03-27 21:54:39.395 | INFO     | __main__:remove_duplicates:96 - FUNCTION START: remove_duplicates with dataframe shape=(94, 9)
2025-03-27 21:54:39.402 | INFO     | __main__:remove_duplicates:106 - Removed 0 duplicate rows
2025-03-27 21:54:39.402 | INFO     | __main__:remove_duplicates:107 - 94 records remaining after removing duplicates.
2025-03-27 21:54:39.403 | INFO     | __main__:handle_missing_values:121 - FUNCTION START: handle_missing_values with dataframe shape=(94, 9)
2025-03-27 21:54:39.404 | INFO     | __main__:handle_missing_values:126 - Missing values by column before handling:
transactionid    0
saledate         0
customerid       0
productid        0
storeid          0
campaignid       0
saleamount       0
bonuspoints      0
paymenttype      0
dtype: int64
2025-03-27 21:54:39.405 | INFO     | __main__:handle_missing_values:140 - Missing values by column after handling:
transactionid    0
saledate         0
customerid       0
productid        0
storeid          0
campaignid       0
saleamount       0
bonuspoints      0
paymenttype      0
dtype: int64
2025-03-27 21:54:39.406 | INFO     | __main__:handle_missing_values:141 - 94 records remaining after handling missing values.
2025-03-27 21:54:39.406 | INFO     | __main__:standardize_formats:188 - FUNCTION START: standardize_formats with dataframe shape=(94, 9)
2025-03-27 21:54:39.406 | INFO     | __main__:standardize_formats:198 - Completed standardizing formats
2025-03-27 21:54:39.406 | INFO     | __main__:remove_outliers:155 - FUNCTION START: remove_outliers with dataframe shape=(94, 9)
2025-03-27 21:54:39.407 | INFO     | __main__:remove_outliers:174 - Removed 0 outlier rows
2025-03-27 21:54:39.407 | INFO     | __main__:remove_outliers:175 - 94 records remaining after removing outliers.
2025-03-27 21:54:39.407 | INFO     | __main__:validate_data:211 - FUNCTION START: validate_data with dataframe shape=(94, 9)
2025-03-27 21:54:39.407 | INFO     | __main__:validate_data:220 - Data validation complete
2025-03-27 21:54:39.407 | INFO     | __main__:save_prepared_data:81 - FUNCTION START: save_prepared_data with file_name=sales_data_prepared.csv, dataframe shape=(94, 9)
2025-03-27 21:54:39.412 | INFO     | __main__:save_prepared_data:84 - Data saved to C:\Projects\smart-store-pinkston\data\prepared\sales_data_prepared.csv
2025-03-27 21:54:39.413 | INFO     | __main__:main:264 - ==================================
2025-03-27 21:54:39.413 | INFO     | __main__:main:265 - FINISHED prepare_sales_data.py
2025-03-27 21:54:39.413 | INFO     | __main__:main:266 - ==================================
2025-03-30 21:05:06.823 | INFO     | __main__:main:61 - Starting data preparation...
2025-03-30 21:05:06.823 | INFO     | __main__:read_raw_data:28 - Reading raw data from C:\Projects\smart-store-pinkston\data\raw\customers_data.csv.
2025-03-30 21:05:06.835 | INFO     | __main__:process_data:54 - Cleaned data saved to C:\Projects\smart-store-pinkston\data\prepared\customers_data.csv
2025-03-30 21:05:06.835 | INFO     | __main__:read_raw_data:28 - Reading raw data from C:\Projects\smart-store-pinkston\data\raw\products_data.csv.
2025-03-30 21:05:06.844 | INFO     | __main__:process_data:54 - Cleaned data saved to C:\Projects\smart-store-pinkston\data\prepared\products_data.csv
2025-03-30 21:05:06.844 | INFO     | __main__:read_raw_data:28 - Reading raw data from C:\Projects\smart-store-pinkston\data\raw\sales_data.csv.
2025-03-30 21:05:06.854 | INFO     | __main__:process_data:54 - Cleaned data saved to C:\Projects\smart-store-pinkston\data\prepared\sales_data.csv
2025-03-30 21:05:06.854 | INFO     | __main__:main:68 - Data preparation complete.
2025-03-30 21:08:58.353 | INFO     | __main__:main:61 - Starting data preparation...
2025-03-30 21:08:58.354 | INFO     | __main__:read_raw_data:28 - Reading raw data from C:\Projects\smart-store-pinkston\data\raw\customers_data.csv.
2025-03-30 21:08:58.361 | INFO     | __main__:process_data:54 - Cleaned data saved to C:\Projects\smart-store-pinkston\data\prepared\customers_data.csv
2025-03-30 21:08:58.361 | INFO     | __main__:read_raw_data:28 - Reading raw data from C:\Projects\smart-store-pinkston\data\raw\products_data.csv.
2025-03-30 21:08:58.367 | INFO     | __main__:process_data:54 - Cleaned data saved to C:\Projects\smart-store-pinkston\data\prepared\products_data.csv
2025-03-30 21:08:58.368 | INFO     | __main__:read_raw_data:28 - Reading raw data from C:\Projects\smart-store-pinkston\data\raw\sales_data.csv.
2025-03-30 21:08:58.374 | INFO     | __main__:process_data:54 - Cleaned data saved to C:\Projects\smart-store-pinkston\data\prepared\sales_data.csv
2025-03-30 21:08:58.374 | INFO     | __main__:main:68 - Data preparation complete.
2025-03-30 21:09:33.707 | INFO     | __main__:main:61 - Starting data preparation...
2025-03-30 21:09:33.708 | INFO     | __main__:read_raw_data:28 - Reading raw data from C:\Projects\smart-store-pinkston\data\raw\customers_data.csv.
2025-03-30 21:09:33.714 | INFO     | __main__:process_data:54 - Cleaned data saved to C:\Projects\smart-store-pinkston\data\prepared\customers_data.csv
2025-03-30 21:09:33.714 | INFO     | __main__:read_raw_data:28 - Reading raw data from C:\Projects\smart-store-pinkston\data\raw\products_data.csv.
2025-03-30 21:09:33.720 | INFO     | __main__:process_data:54 - Cleaned data saved to C:\Projects\smart-store-pinkston\data\prepared\products_data.csv
2025-03-30 21:09:33.721 | INFO     | __main__:read_raw_data:28 - Reading raw data from C:\Projects\smart-store-pinkston\data\raw\sales_data.csv.
2025-03-30 21:09:33.727 | INFO     | __main__:process_data:54 - Cleaned data saved to C:\Projects\smart-store-pinkston\data\prepared\sales_data.csv
2025-03-30 21:09:33.728 | INFO     | __main__:main:68 - Data preparation complete.
2025-03-30 21:09:58.622 | INFO     | __main__:main:61 - Starting data preparation...
2025-03-30 21:09:58.623 | INFO     | __main__:read_raw_data:28 - Reading raw data from C:\Projects\smart-store-pinkston\data\raw\customers_data.csv.
2025-03-30 21:09:58.630 | INFO     | __main__:process_data:54 - Cleaned data saved to C:\Projects\smart-store-pinkston\data\prepared\customers_data.csv
2025-03-30 21:09:58.630 | INFO     | __main__:read_raw_data:28 - Reading raw data from C:\Projects\smart-store-pinkston\data\raw\products_data.csv.
2025-03-30 21:09:58.636 | INFO     | __main__:process_data:54 - Cleaned data saved to C:\Projects\smart-store-pinkston\data\prepared\products_data.csv
2025-03-30 21:09:58.636 | INFO     | __main__:read_raw_data:28 - Reading raw data from C:\Projects\smart-store-pinkston\data\raw\sales_data.csv.
2025-03-30 21:09:58.643 | INFO     | __main__:process_data:54 - Cleaned data saved to C:\Projects\smart-store-pinkston\data\prepared\sales_data.csv
2025-03-30 21:09:58.643 | INFO     | __main__:main:68 - Data preparation complete.
2025-03-31 22:10:28.866 | INFO     | __main__:main:62 - Starting data preparation...
2025-03-31 22:10:28.867 | INFO     | __main__:read_raw_data:28 - Reading raw data from C:\Projects\smart-store-pinkston\data\raw\customers_data.csv.
2025-03-31 22:10:28.880 | ERROR    | __main__:process_data:58 - Error processing customers_data.csv: 'str' object has no attribute 'name'
2025-03-31 22:10:28.881 | INFO     | __main__:read_raw_data:28 - Reading raw data from C:\Projects\smart-store-pinkston\data\raw\products_data.csv.
2025-03-31 22:10:28.885 | ERROR    | __main__:process_data:58 - Error processing products_data.csv: 'str' object has no attribute 'name'
2025-03-31 22:10:28.885 | INFO     | __main__:read_raw_data:28 - Reading raw data from C:\Projects\smart-store-pinkston\data\raw\sales_data.csv.
2025-03-31 22:10:28.888 | ERROR    | __main__:process_data:58 - Error processing sales_data.csv: 'str' object has no attribute 'name'
2025-03-31 22:10:28.889 | INFO     | __main__:main:69 - Data preparation complete.
2025-03-31 22:14:40.698 | INFO     | __main__:main:63 - Starting data preparation...
2025-03-31 22:14:40.699 | INFO     | __main__:read_raw_data:28 - Reading raw data from C:\Projects\smart-store-pinkston\data\raw\customers_data.csv.
2025-03-31 22:14:40.703 | ERROR    | __main__:process_data:59 - Error processing customers_data.csv: 'str' object has no attribute 'name'
2025-03-31 22:14:40.704 | INFO     | __main__:read_raw_data:28 - Reading raw data from C:\Projects\smart-store-pinkston\data\raw\products_data.csv.
2025-03-31 22:14:40.706 | ERROR    | __main__:process_data:59 - Error processing products_data.csv: 'str' object has no attribute 'name'
2025-03-31 22:14:40.707 | INFO     | __main__:read_raw_data:28 - Reading raw data from C:\Projects\smart-store-pinkston\data\raw\sales_data.csv.
2025-03-31 22:14:40.709 | ERROR    | __main__:process_data:59 - Error processing sales_data.csv: 'str' object has no attribute 'name'
2025-03-31 22:14:40.710 | INFO     | __main__:main:70 - Data preparation complete.
2025-03-31 22:16:27.669 | INFO     | __main__:main:63 - Starting data preparation...
2025-03-31 22:16:27.669 | INFO     | __main__:read_raw_data:28 - Reading raw data from C:\Projects\smart-store-pinkston\data\raw\customers_data.csv.
2025-03-31 22:16:27.683 | INFO     | __main__:process_data:56 - Cleaned data saved to C:\Projects\smart-store-pinkston\data\prepared\customers_data_prepared.csv
2025-03-31 22:16:27.683 | INFO     | __main__:read_raw_data:28 - Reading raw data from C:\Projects\smart-store-pinkston\data\raw\products_data.csv.
2025-03-31 22:16:27.689 | INFO     | __main__:process_data:56 - Cleaned data saved to C:\Projects\smart-store-pinkston\data\prepared\products_data_prepared.csv
2025-03-31 22:16:27.689 | INFO     | __main__:read_raw_data:28 - Reading raw data from C:\Projects\smart-store-pinkston\data\raw\sales_data.csv.
2025-03-31 22:16:27.696 | INFO     | __main__:process_data:56 - Cleaned data saved to C:\Projects\smart-store-pinkston\data\prepared\sales_data_prepared.csv
2025-03-31 22:16:27.696 | INFO     | __main__:main:70 - Data preparation complete.
